<?xml version="1.0" encoding="UTF-8"?>
<!-- Generated by org.testng.reporters.JUnitXMLReporter -->
<testsuite hostname="DESKTOP-Q93RJ62" ignored="0" name="Test-Runner 1" tests="2" failures="0" timestamp="2022-11-14T00:01:07 IST" time="152.051" errors="0">
  <testcase name="CreateContactTest" time="87.9" classname="vTiger.ContactTest.CreateContactTest"/>
  <testcase name="createContactDemotest" time="0.001" classname="vTiger.ContactTest.CreateContactTest"/>
</testsuite> <!-- Test-Runner 1 -->
