<?xml version="1.0" encoding="UTF-8"?>
<!-- Generated by org.testng.reporters.JUnitXMLReporter -->
<testsuite hostname="DESKTOP-Q93RJ62" ignored="0" name="Test-Runner-Chrome" tests="2" failures="0" timestamp="2022-11-17T01:20:46 IST" time="111.081" errors="0">
  <testcase name="CreateContactTest" time="61.41" classname="vTiger.ContactTest.CreateContactTest"/>
  <testcase name="createContactDemotest" time="0.002" classname="vTiger.ContactTest.CreateContactTest"/>
</testsuite> <!-- Test-Runner-Chrome -->
