<?xml version="1.0" encoding="UTF-8"?>
<!-- Generated by org.testng.reporters.JUnitXMLReporter -->
<testsuite hostname="DESKTOP-Q93RJ62" ignored="0" name="Test-Runner 2" tests="1" failures="0" timestamp="2022-11-14T00:01:15 IST" time="160.066" errors="0">
  <testcase name="CreateContactWithOrganization" time="119.216" classname="vTiger.ContactTest.CreateContactwithOrganizationTest"/>
</testsuite> <!-- Test-Runner 2 -->
