<?xml version="1.0" encoding="UTF-8"?>
<!-- Generated by org.testng.reporters.JUnitReportReporter -->
<testsuite skipped="0" hostname="DESKTOP-Q93RJ62" name="vTiger.Practice.DataProviderPractice" tests="3" failures="0" timestamp="2022-11-03T11:30:45 IST" time="0.020" errors="0">
  <testcase name="addProductToCartTest" time="0.011" classname="vTiger.Practice.DataProviderPractice"/>
  <system-out/>
  <testcase name="addProductToCartTest" time="0.007" classname="vTiger.Practice.DataProviderPractice"/>
  <system-out/>
  <testcase name="addProductToCartTest" time="0.002" classname="vTiger.Practice.DataProviderPractice"/>
  <system-out/>
</testsuite> <!-- vTiger.Practice.DataProviderPractice -->
