<?xml version="1.0" encoding="UTF-8"?>
<!-- Generated by org.testng.reporters.JUnitReportReporter -->
<testsuite skipped="0" hostname="DESKTOP-Q93RJ62" name="vTiger.Practice.TestNGPractice" tests="5" failures="0" timestamp="2022-11-09T10:52:44 IST" time="0.040" errors="0">
  <testcase name="modifyCustomer" time="0.005" classname="vTiger.Practice.TestNGPractice"/>
  <system-out/>
  <testcase name="deleteCustomer" time="0.029" classname="vTiger.Practice.TestNGPractice"/>
  <system-out/>
  <testcase name="CreateCustomer" time="0.002" classname="vTiger.Practice.TestNGPractice"/>
  <system-out/>
  <testcase name="CreateCustomer" time="0.003" classname="vTiger.Practice.TestNGPractice"/>
  <system-out/>
  <testcase name="CreateCustomer" time="0.001" classname="vTiger.Practice.TestNGPractice"/>
  <system-out/>
</testsuite> <!-- vTiger.Practice.TestNGPractice -->
