<?xml version="1.0" encoding="UTF-8"?>
<!-- Generated by org.testng.reporters.JUnitReportReporter -->
<testsuite skipped="0" hostname="DESKTOP-Q93RJ62" name="vTiger.OrganizationsTest.CreateOrganizationTest" tests="1" failures="0" timestamp="2022-11-13T23:12:43 IST" time="56.959" errors="0">
  <testcase name="createOrganization" time="56.959" classname="vTiger.OrganizationsTest.CreateOrganizationTest"/>
  <system-out/>
</testsuite> <!-- vTiger.OrganizationsTest.CreateOrganizationTest -->
