<?xml version="1.0" encoding="UTF-8"?>
<!-- Generated by org.testng.reporters.JUnitReportReporter -->
<testsuite skipped="0" hostname="DESKTOP-Q93RJ62" name="vTiger.ContactTest.CreateContactwithOrganizationTest" tests="1" failures="0" timestamp="2022-11-14T00:01:16 IST" time="138.206" errors="0">
  <testcase name="CreateContactWithOrganization" time="138.206" classname="vTiger.ContactTest.CreateContactwithOrganizationTest"/>
  <system-out/>
</testsuite> <!-- vTiger.ContactTest.CreateContactwithOrganizationTest -->
