<?xml version="1.0" encoding="UTF-8"?>
<!-- Generated by org.testng.reporters.JUnitReportReporter -->
<testsuite skipped="0" hostname="DESKTOP-Q93RJ62" name="vTiger.ContactTest.CreateContactTest" tests="4" failures="0" timestamp="2022-11-17T01:21:24 IST" time="154.759" errors="0">
  <testcase name="CreateContactTest" time="47.781" classname="vTiger.ContactTest.CreateContactTest"/>
  <system-out/>
  <testcase name="createContactDemotest" time="22.433" classname="vTiger.ContactTest.CreateContactTest"/>
  <system-out/>
  <testcase name="createContactDemotest" time="13.439" classname="vTiger.ContactTest.CreateContactTest"/>
  <system-out/>
  <testcase name="CreateContactTest" time="71.106" classname="vTiger.ContactTest.CreateContactTest"/>
  <system-out/>
</testsuite> <!-- vTiger.ContactTest.CreateContactTest -->
