<?xml version="1.0" encoding="UTF-8"?>
<!-- Generated by org.testng.reporters.JUnitReportReporter -->
<testsuite skipped="0" hostname="DESKTOP-Q93RJ62" name="vTiger.Practice.ReadDataFromCmdLineTest" tests="1" failures="0" timestamp="2022-11-18T09:42:25 IST" time="0.015" errors="0">
  <testcase name="readData" time="0.015" classname="vTiger.Practice.ReadDataFromCmdLineTest"/>
  <system-out/>
</testsuite> <!-- vTiger.Practice.ReadDataFromCmdLineTest -->
